<?xml version="1.0" encoding="UTF-8"?>
<!-- Generated by org.testng.reporters.JUnitXMLReporter -->
<testsuite ignored="0" hostname="DESKTOP-A54I250" failures="1" tests="1" name="Test" time="1.633" errors="0" timestamp="05 May 2024 05:01:32 GMT">
  <testcase classname="Automation.Batch3FinalProject.LoginTest" name="navigation" time="1.616">
    <failure type="org.testng.internal.reflect.MethodMatcherException" message="
Data provider mismatch
Method: navigation([Parameter{index=0, type=java.lang.String, declaredAnnotations=[]}, Parameter{index=1, type=java.lang.String, declaredAnnotations=[]}])
Arguments: [(java.lang.String) user1,(java.lang.String) pass1,null]">
      <![CDATA[org.testng.internal.reflect.MethodMatcherException: 
Data provider mismatch
Method: navigation([Parameter{index=0, type=java.lang.String, declaredAnnotations=[]}, Parameter{index=1, type=java.lang.String, declaredAnnotations=[]}])
Arguments: [(java.lang.String) user1,(java.lang.String) pass1,null]
... Removed 24 stack frames]]>
    </failure>
  </testcase> <!-- navigation -->
</testsuite> <!-- Test -->
